[INFO] Disabling enhanced local repository: using legacy is strongly discouraged to ensure build reproducibility.
[INFO] Scanning for projects...
[INFO] 
[INFO] ------------------< org.example.test.job:Main_Export >------------------
[INFO] Building TEST Main_Export-0.1.0 (0.1,Job Designs) 0.1.0
[INFO] --------------------------------[ jar ]---------------------------------
[WARNING] The POM for org.dom4j:dom4j:jar:2.1.1 is missing, no dependency information available
[WARNING] The POM for org.apache.logging.log4j:log4j-api:jar:2.12.1 is missing, no dependency information available
[WARNING] The POM for org.apache.logging.log4j:log4j-core:jar:2.12.1 is missing, no dependency information available
[WARNING] The POM for org.apache.logging.log4j:log4j-slf4j-impl:jar:2.12.1 is missing, no dependency information available
[WARNING] The POM for commons-collections:commons-collections:jar:3.2.2 is missing, no dependency information available
[WARNING] The POM for org.apache.commons:commons-compress:jar:1.19 is missing, no dependency information available
[INFO] 
[INFO] --- maven-resources-plugin:3.0.2:resources (default-resources) @ Main_Export ---
[WARNING] Using platform encoding (UTF-8 actually) to copy filtered resources, i.e. build is platform dependent!
[INFO] Copying 2 resources
[INFO] 
[INFO] --- maven-compiler-plugin:3.6.1:compile (default-compile) @ Main_Export ---
[WARNING] The POM for org.eclipse.platform:org.eclipse.osgi:jar:3.13.300 is missing, no dependency information available
[WARNING] The POM for org.apache.commons:commons-exec:jar:1.2 is missing, no dependency information available
[INFO] Not compiling main sources
[INFO] 
[INFO] --- maven-resources-plugin:3.0.2:testResources (default-testResources) @ Main_Export ---
[INFO] Not copying test resources
[INFO] 
[INFO] --- maven-compiler-plugin:3.6.1:testCompile (default-testCompile) @ Main_Export ---
[INFO] Not compiling test sources
[INFO] 
[INFO] --- maven-surefire-plugin:2.20:test (default-test) @ Main_Export ---
[INFO] Tests are skipped.
[INFO] 
[INFO] --- maven-jar-plugin:3.0.2:jar (default-jar) @ Main_Export ---
[INFO] Building jar: H:\talend7\TOS_DI-Win32-20200219_1130-V7.3.1\workspace\TEST\poms\jobs\process\main_export_0.1\target\main_export_0_1.jar
[INFO] 
[INFO] --- maven-assembly-plugin:3.0.0:single (default) @ Main_Export ---
[INFO] Reading assembly descriptor: H:\talend7\TOS_DI-Win32-20200219_1130-V7.3.1\workspace\TEST\poms\jobs\process\main_export_0.1/src/main/assemblies/assembly.xml
[WARNING] Missing POM for org.dom4j:dom4j:jar:2.1.1
[WARNING] Missing POM for org.apache.logging.log4j:log4j-api:jar:2.12.1
[WARNING] Missing POM for org.apache.logging.log4j:log4j-core:jar:2.12.1
[WARNING] Missing POM for org.apache.logging.log4j:log4j-slf4j-impl:jar:2.12.1
[WARNING] Missing POM for commons-collections:commons-collections:jar:3.2.2
[WARNING] Missing POM for org.apache.commons:commons-compress:jar:1.19
[WARNING] The following patterns were never triggered in this artifact inclusion filter:
o  'org.talend.libraries:talend-log4j-config-util:jar:6.0.0-SNAPSHOT'

[INFO] Building zip: H:\talend7\TOS_DI-Win32-20200219_1130-V7.3.1\workspace\TEST\poms\jobs\process\main_export_0.1\target\main_export_0_1.zip
[INFO] ------------------------------------------------------------------------
[INFO] BUILD SUCCESS
[INFO] ------------------------------------------------------------------------
[INFO] Total time: 3.874 s
[INFO] Finished at: 2020-12-10T23:23:05+01:00
[INFO] ------------------------------------------------------------------------
